{"C:\\Users\\Gian\\ES2-TrackerDespesas\\backend\\src\\server.js": {"path":"C:\\Users\\Gian\\ES2-TrackerDespesas\\backend\\src\\server.js","statementMap":{"0":{"start":{"line":3,"column":16},"end":{"line":3,"column":34}},"1":{"start":{"line":4,"column":13},"end":{"line":4,"column":28}},"2":{"start":{"line":5,"column":13},"end":{"line":5,"column":28}},"3":{"start":{"line":8,"column":17},"end":{"line":15,"column":1}},"4":{"start":{"line":17,"column":13},"end":{"line":17,"column":38}},"5":{"start":{"line":22,"column":4},"end":{"line":22,"column":112}},"6":{"start":{"line":27,"column":18},"end":{"line":27,"column":38}},"7":{"start":{"line":28,"column":26},"end":{"line":28,"column":56}},"8":{"start":{"line":29,"column":17},"end":{"line":29,"column":65}},"9":{"start":{"line":29,"column":47},"end":{"line":29,"column":63}},"10":{"start":{"line":32,"column":18},"end":{"line":32,"column":48}},"11":{"start":{"line":33,"column":4},"end":{"line":33,"column":52}},"12":{"start":{"line":33,"column":45},"end":{"line":33,"column":52}},"13":{"start":{"line":34,"column":23},"end":{"line":34,"column":58}},"14":{"start":{"line":36,"column":4},"end":{"line":38,"column":5}},"15":{"start":{"line":37,"column":6},"end":{"line":37,"column":90}},"16":{"start":{"line":43,"column":22},"end":{"line":43,"column":41}},"17":{"start":{"line":44,"column":28},"end":{"line":44,"column":53}},"18":{"start":{"line":45,"column":0},"end":{"line":45,"column":47}},"19":{"start":{"line":48,"column":12},"end":{"line":48,"column":21}},"20":{"start":{"line":49,"column":0},"end":{"line":49,"column":24}},"21":{"start":{"line":50,"column":0},"end":{"line":50,"column":16}},"22":{"start":{"line":53,"column":0},"end":{"line":53,"column":71}},"23":{"start":{"line":53,"column":27},"end":{"line":53,"column":69}},"24":{"start":{"line":56,"column":0},"end":{"line":61,"column":3}},"25":{"start":{"line":57,"column":4},"end":{"line":60,"column":33}},"26":{"start":{"line":58,"column":24},"end":{"line":58,"column":57}},"27":{"start":{"line":59,"column":8},"end":{"line":59,"column":26}},"28":{"start":{"line":60,"column":18},"end":{"line":60,"column":31}},"29":{"start":{"line":62,"column":0},"end":{"line":64,"column":3}},"30":{"start":{"line":63,"column":4},"end":{"line":63,"column":121}},"31":{"start":{"line":63,"column":10},"end":{"line":63,"column":49}},"32":{"start":{"line":63,"column":50},"end":{"line":63,"column":73}},"33":{"start":{"line":63,"column":87},"end":{"line":63,"column":119}},"34":{"start":{"line":67,"column":0},"end":{"line":72,"column":3}},"35":{"start":{"line":68,"column":4},"end":{"line":71,"column":33}},"36":{"start":{"line":69,"column":24},"end":{"line":69,"column":57}},"37":{"start":{"line":70,"column":8},"end":{"line":70,"column":26}},"38":{"start":{"line":71,"column":18},"end":{"line":71,"column":31}},"39":{"start":{"line":73,"column":0},"end":{"line":75,"column":3}},"40":{"start":{"line":74,"column":4},"end":{"line":74,"column":121}},"41":{"start":{"line":74,"column":10},"end":{"line":74,"column":49}},"42":{"start":{"line":74,"column":50},"end":{"line":74,"column":73}},"43":{"start":{"line":74,"column":87},"end":{"line":74,"column":119}},"44":{"start":{"line":78,"column":0},"end":{"line":85,"column":3}},"45":{"start":{"line":79,"column":4},"end":{"line":84,"column":33}},"46":{"start":{"line":80,"column":25},"end":{"line":82,"column":72}},"47":{"start":{"line":83,"column":8},"end":{"line":83,"column":27}},"48":{"start":{"line":84,"column":18},"end":{"line":84,"column":31}},"49":{"start":{"line":87,"column":0},"end":{"line":105,"column":3}},"50":{"start":{"line":88,"column":4},"end":{"line":104,"column":5}},"51":{"start":{"line":89,"column":51},"end":{"line":89,"column":59}},"52":{"start":{"line":92,"column":23},"end":{"line":92,"column":77}},"53":{"start":{"line":93,"column":8},"end":{"line":97,"column":9}},"54":{"start":{"line":94,"column":30},"end":{"line":94,"column":96}},"55":{"start":{"line":95,"column":33},"end":{"line":95,"column":56}},"56":{"start":{"line":96,"column":12},"end":{"line":96,"column":79}},"57":{"start":{"line":99,"column":8},"end":{"line":99,"column":74}},"58":{"start":{"line":100,"column":8},"end":{"line":100,"column":31}},"59":{"start":{"line":102,"column":8},"end":{"line":102,"column":29}},"60":{"start":{"line":103,"column":8},"end":{"line":103,"column":55}},"61":{"start":{"line":107,"column":0},"end":{"line":114,"column":3}},"62":{"start":{"line":108,"column":2},"end":{"line":113,"column":3}},"63":{"start":{"line":109,"column":22},"end":{"line":109,"column":57}},"64":{"start":{"line":110,"column":4},"end":{"line":110,"column":24}},"65":{"start":{"line":112,"column":4},"end":{"line":112,"column":51}},"66":{"start":{"line":116,"column":0},"end":{"line":124,"column":3}},"67":{"start":{"line":117,"column":2},"end":{"line":123,"column":3}},"68":{"start":{"line":118,"column":40},"end":{"line":118,"column":48}},"69":{"start":{"line":119,"column":4},"end":{"line":119,"column":64}},"70":{"start":{"line":120,"column":4},"end":{"line":120,"column":27}},"71":{"start":{"line":122,"column":4},"end":{"line":122,"column":51}},"72":{"start":{"line":128,"column":0},"end":{"line":139,"column":3}},"73":{"start":{"line":129,"column":2},"end":{"line":138,"column":3}},"74":{"start":{"line":130,"column":47},"end":{"line":130,"column":55}},"75":{"start":{"line":134,"column":4},"end":{"line":134,"column":70}},"76":{"start":{"line":135,"column":4},"end":{"line":135,"column":27}},"77":{"start":{"line":137,"column":4},"end":{"line":137,"column":51}},"78":{"start":{"line":141,"column":0},"end":{"line":144,"column":3}},"79":{"start":{"line":142,"column":19},"end":{"line":142,"column":53}},"80":{"start":{"line":143,"column":2},"end":{"line":143,"column":21}},"81":{"start":{"line":150,"column":0},"end":{"line":157,"column":1}},"82":{"start":{"line":151,"column":15},"end":{"line":151,"column":19}},"83":{"start":{"line":152,"column":2},"end":{"line":156,"column":5}},"84":{"start":{"line":153,"column":4},"end":{"line":153,"column":68}},"85":{"start":{"line":154,"column":4},"end":{"line":154,"column":66}},"86":{"start":{"line":155,"column":4},"end":{"line":155,"column":68}},"87":{"start":{"line":160,"column":0},"end":{"line":160,"column":21}}},"fnMap":{"0":{"name":"(anonymous_0)","decl":{"start":{"line":21,"column":2},"end":{"line":21,"column":3}},"loc":{"start":{"line":21,"column":15},"end":{"line":23,"column":3}},"line":21},"1":{"name":"(anonymous_1)","decl":{"start":{"line":27,"column":2},"end":{"line":27,"column":3}},"loc":{"start":{"line":27,"column":16},"end":{"line":27,"column":40}},"line":27},"2":{"name":"(anonymous_2)","decl":{"start":{"line":28,"column":2},"end":{"line":28,"column":3}},"loc":{"start":{"line":28,"column":24},"end":{"line":28,"column":58}},"line":28},"3":{"name":"(anonymous_3)","decl":{"start":{"line":29,"column":2},"end":{"line":29,"column":3}},"loc":{"start":{"line":29,"column":15},"end":{"line":29,"column":67}},"line":29},"4":{"name":"(anonymous_4)","decl":{"start":{"line":29,"column":40},"end":{"line":29,"column":41}},"loc":{"start":{"line":29,"column":47},"end":{"line":29,"column":63}},"line":29},"5":{"name":"(anonymous_5)","decl":{"start":{"line":31,"column":2},"end":{"line":31,"column":3}},"loc":{"start":{"line":31,"column":52},"end":{"line":39,"column":3}},"line":31},"6":{"name":"(anonymous_6)","decl":{"start":{"line":53,"column":13},"end":{"line":53,"column":14}},"loc":{"start":{"line":53,"column":27},"end":{"line":53,"column":69}},"line":53},"7":{"name":"(anonymous_7)","decl":{"start":{"line":56,"column":20},"end":{"line":56,"column":21}},"loc":{"start":{"line":56,"column":40},"end":{"line":61,"column":1}},"line":56},"8":{"name":"(anonymous_8)","decl":{"start":{"line":62,"column":21},"end":{"line":62,"column":22}},"loc":{"start":{"line":62,"column":41},"end":{"line":64,"column":1}},"line":62},"9":{"name":"(anonymous_9)","decl":{"start":{"line":67,"column":20},"end":{"line":67,"column":21}},"loc":{"start":{"line":67,"column":40},"end":{"line":72,"column":1}},"line":67},"10":{"name":"(anonymous_10)","decl":{"start":{"line":73,"column":21},"end":{"line":73,"column":22}},"loc":{"start":{"line":73,"column":41},"end":{"line":75,"column":1}},"line":73},"11":{"name":"(anonymous_11)","decl":{"start":{"line":78,"column":21},"end":{"line":78,"column":22}},"loc":{"start":{"line":78,"column":41},"end":{"line":85,"column":1}},"line":78},"12":{"name":"(anonymous_12)","decl":{"start":{"line":87,"column":22},"end":{"line":87,"column":23}},"loc":{"start":{"line":87,"column":42},"end":{"line":105,"column":1}},"line":87},"13":{"name":"(anonymous_13)","decl":{"start":{"line":107,"column":22},"end":{"line":107,"column":23}},"loc":{"start":{"line":107,"column":42},"end":{"line":114,"column":1}},"line":107},"14":{"name":"(anonymous_14)","decl":{"start":{"line":116,"column":23},"end":{"line":116,"column":24}},"loc":{"start":{"line":116,"column":43},"end":{"line":124,"column":1}},"line":116},"15":{"name":"(anonymous_15)","decl":{"start":{"line":128,"column":22},"end":{"line":128,"column":23}},"loc":{"start":{"line":128,"column":42},"end":{"line":139,"column":1}},"line":128},"16":{"name":"(anonymous_16)","decl":{"start":{"line":141,"column":21},"end":{"line":141,"column":22}},"loc":{"start":{"line":141,"column":41},"end":{"line":144,"column":1}},"line":141},"17":{"name":"(anonymous_17)","decl":{"start":{"line":152,"column":19},"end":{"line":152,"column":20}},"loc":{"start":{"line":152,"column":25},"end":{"line":156,"column":3}},"line":152}},"branchMap":{"0":{"loc":{"start":{"line":33,"column":4},"end":{"line":33,"column":52}},"type":"if","locations":[{"start":{"line":33,"column":4},"end":{"line":33,"column":52}},{"start":{},"end":{}}],"line":33},"1":{"loc":{"start":{"line":33,"column":8},"end":{"line":33,"column":43}},"type":"binary-expr","locations":[{"start":{"line":33,"column":8},"end":{"line":33,"column":15}},{"start":{"line":33,"column":19},"end":{"line":33,"column":43}}],"line":33},"2":{"loc":{"start":{"line":36,"column":4},"end":{"line":38,"column":5}},"type":"if","locations":[{"start":{"line":36,"column":4},"end":{"line":38,"column":5}},{"start":{},"end":{}}],"line":36},"3":{"loc":{"start":{"line":93,"column":8},"end":{"line":97,"column":9}},"type":"if","locations":[{"start":{"line":93,"column":8},"end":{"line":97,"column":9}},{"start":{},"end":{}}],"line":93},"4":{"loc":{"start":{"line":95,"column":33},"end":{"line":95,"column":56}},"type":"binary-expr","locations":[{"start":{"line":95,"column":33},"end":{"line":95,"column":51}},{"start":{"line":95,"column":55},"end":{"line":95,"column":56}}],"line":95},"5":{"loc":{"start":{"line":150,"column":0},"end":{"line":157,"column":1}},"type":"if","locations":[{"start":{"line":150,"column":0},"end":{"line":157,"column":1}},{"start":{},"end":{}}],"line":150}},"s":{"0":2,"1":2,"2":2,"3":2,"4":2,"5":1,"6":2,"7":2,"8":1,"9":1,"10":1,"11":1,"12":0,"13":1,"14":1,"15":1,"16":2,"17":2,"18":2,"19":2,"20":2,"21":2,"22":2,"23":2,"24":2,"25":1,"26":1,"27":1,"28":0,"29":2,"30":2,"31":2,"32":1,"33":1,"34":2,"35":1,"36":1,"37":1,"38":0,"39":2,"40":2,"41":2,"42":1,"43":1,"44":2,"45":0,"46":0,"47":0,"48":0,"49":2,"50":2,"51":2,"52":2,"53":1,"54":1,"55":1,"56":1,"57":1,"58":1,"59":1,"60":1,"61":2,"62":1,"63":1,"64":1,"65":0,"66":2,"67":2,"68":2,"69":2,"70":1,"71":1,"72":2,"73":0,"74":0,"75":0,"76":0,"77":0,"78":2,"79":0,"80":0,"81":2,"82":0,"83":0,"84":0,"85":0,"86":0,"87":2},"f":{"0":1,"1":2,"2":2,"3":1,"4":1,"5":1,"6":2,"7":1,"8":2,"9":1,"10":2,"11":0,"12":2,"13":1,"14":2,"15":0,"16":0,"17":0},"b":{"0":[0,1],"1":[1,1],"2":[1,0],"3":[1,0],"4":[1,0],"5":[0,2]},"_coverageSchema":"1a1c01bbd47fc00a2c39e90264f33305004495a9","hash":"9946a9319e09b9a4f8c203680c1170c74b652e12"}
}
