TN:
SF:src\server.js
FN:21,(anonymous_0)
FN:27,(anonymous_1)
FN:28,(anonymous_2)
FN:29,(anonymous_3)
FN:29,(anonymous_4)
FN:31,(anonymous_5)
FN:53,(anonymous_6)
FN:56,(anonymous_7)
FN:62,(anonymous_8)
FN:67,(anonymous_9)
FN:73,(anonymous_10)
FN:78,(anonymous_11)
FN:87,(anonymous_12)
FN:107,(anonymous_13)
FN:116,(anonymous_14)
FN:128,(anonymous_15)
FN:141,(anonymous_16)
FN:152,(anonymous_17)
FNF:18
FNH:14
FNDA:1,(anonymous_0)
FNDA:2,(anonymous_1)
FNDA:2,(anonymous_2)
FNDA:1,(anonymous_3)
FNDA:1,(anonymous_4)
FNDA:1,(anonymous_5)
FNDA:2,(anonymous_6)
FNDA:1,(anonymous_7)
FNDA:2,(anonymous_8)
FNDA:1,(anonymous_9)
FNDA:2,(anonymous_10)
FNDA:0,(anonymous_11)
FNDA:2,(anonymous_12)
FNDA:1,(anonymous_13)
FNDA:2,(anonymous_14)
FNDA:0,(anonymous_15)
FNDA:0,(anonymous_16)
FNDA:0,(anonymous_17)
DA:3,2
DA:4,2
DA:5,2
DA:8,2
DA:17,2
DA:22,1
DA:27,2
DA:28,2
DA:29,1
DA:32,1
DA:33,1
DA:34,1
DA:36,1
DA:37,1
DA:43,2
DA:44,2
DA:45,2
DA:48,2
DA:49,2
DA:50,2
DA:53,2
DA:56,2
DA:57,1
DA:58,1
DA:59,1
DA:60,0
DA:62,2
DA:63,2
DA:67,2
DA:68,1
DA:69,1
DA:70,1
DA:71,0
DA:73,2
DA:74,2
DA:78,2
DA:79,0
DA:80,0
DA:83,0
DA:84,0
DA:87,2
DA:88,2
DA:89,2
DA:92,2
DA:93,1
DA:94,1
DA:95,1
DA:96,1
DA:99,1
DA:100,1
DA:102,1
DA:103,1
DA:107,2
DA:108,1
DA:109,1
DA:110,1
DA:112,0
DA:116,2
DA:117,2
DA:118,2
DA:119,2
DA:120,1
DA:122,1
DA:128,2
DA:129,0
DA:130,0
DA:134,0
DA:135,0
DA:137,0
DA:141,2
DA:142,0
DA:143,0
DA:150,2
DA:151,0
DA:152,0
DA:153,0
DA:154,0
DA:155,0
DA:160,2
LF:79
LH:60
BRDA:33,0,0,0
BRDA:33,0,1,1
BRDA:33,1,0,1
BRDA:33,1,1,1
BRDA:36,2,0,1
BRDA:36,2,1,0
BRDA:93,3,0,1
BRDA:93,3,1,0
BRDA:95,4,0,1
BRDA:95,4,1,0
BRDA:150,5,0,0
BRDA:150,5,1,2
BRF:12
BRH:7
end_of_record
TN:
SF:src\patterns\BudgetObserver.js
FN:2,(anonymous_0)
FN:8,(anonymous_1)
FN:12,(anonymous_2)
FN:16,(anonymous_3)
FN:17,(anonymous_4)
FN:20,(anonymous_5)
FNF:6
FNH:5
FNDA:0,(anonymous_0)
FNDA:2,(anonymous_1)
FNDA:2,(anonymous_2)
FNDA:1,(anonymous_3)
FNDA:1,(anonymous_4)
FNDA:2,(anonymous_5)
DA:3,0
DA:9,2
DA:13,2
DA:17,1
DA:21,2
DA:22,2
DA:24,2
DA:25,1
DA:33,1
LF:9
LH:8
BRDA:24,0,0,1
BRDA:24,0,1,1
BRF:2
BRH:2
end_of_record
